  sdkjfhsjkdhf.cpp
C:\Users\Vladi\source\repos\sdkjfhsjkdhf\sdkjfhsjkdhf.cpp(72,54): warning C4267: аргумент: преобразование из "size_t" в "int"; возможна потеря данных
C:\Users\Vladi\source\repos\sdkjfhsjkdhf\sdkjfhsjkdhf.cpp(86,58): warning C4267: аргумент: преобразование из "size_t" в "int"; возможна потеря данных
C:\Program Files\Microsoft Visual Studio\2022\Community\VC\Tools\MSVC\14.38.33130\include\type_traits(1741,67): warning C4244: аргумент: преобразование "unsigned __int64" в "int", возможна потеря данных
  (компиляция исходного файла "sdkjfhsjkdhf.cpp")
  C:\Program Files\Microsoft Visual Studio\2022\Community\VC\Tools\MSVC\14.38.33130\include\type_traits(1741,67):
  контекст создания экземпляра шаблона (сначала самый старый)
  	C:\Users\Vladi\source\repos\sdkjfhsjkdhf\sdkjfhsjkdhf.cpp(81,11):
  	выполняется компиляция ссылки на экземпляр шаблон функции "std::thread::thread<void(__cdecl &)(int),SOCKET&,0>(_Fn,SOCKET &)"
          with
          [
              _Fn=void (__cdecl &)(int)
          ]
  	C:\Program Files\Microsoft Visual Studio\2022\Community\VC\Tools\MSVC\14.38.33130\include\thread(93,9):
  	выполняется компиляция ссылки на экземпляр шаблон функции "void std::thread::_Start<void(__cdecl &)(int),SOCKET&>(_Fn,SOCKET &)"
          with
          [
              _Fn=void (__cdecl &)(int)
          ]
  	C:\Program Files\Microsoft Visual Studio\2022\Community\VC\Tools\MSVC\14.38.33130\include\thread(76,40):
  	выполняется компиляция ссылки на экземпляр шаблон функции "unsigned int (__cdecl *std::thread::_Get_invoke<_Tuple,0,1>(std::integer_sequence<size_t,0,1>) noexcept)(void *)"
  	C:\Program Files\Microsoft Visual Studio\2022\Community\VC\Tools\MSVC\14.38.33130\include\thread(67,17):
  	выполняется компиляция ссылки на экземпляр шаблон функции "unsigned int std::thread::_Invoke<_Tuple,0,1>(void *) noexcept"
  	C:\Program Files\Microsoft Visual Studio\2022\Community\VC\Tools\MSVC\14.38.33130\include\thread(60,14):
  	выполняется компиляция ссылки на экземпляр шаблон функции "void std::invoke<void(__cdecl *)(int),unsigned __int64,>(_Callable &&,_Ty1 &&) noexcept(false)"
          with
          [
              _Callable=void (__cdecl *)(int),
              _Ty1=unsigned __int64
          ]
  
  sdkjfhsjkdhf.vcxproj -> C:\Users\Vladi\source\repos\sdkjfhsjkdhf\x64\Debug\sdkjfhsjkdhf.exe
